# JRE version: OpenJDK Runtime Environment Corretto-17.0.15.6.1 (17.0.15+6) (build 17.0.15+6-LTS)
# Java VM: OpenJDK 64-Bit Server VM Corretto-17.0.15.6.1 (17.0.15+6-LTS, mixed mode, sharing, tiered, compressed oops, compressed class ptrs, g1 gc, windows-amd64)
GC Precious Log:
 CPUs: 16 total, 16 available
 Memory: 16306M
 Large Page Support: Disabled
 NUMA Support: Disabled
 Compressed Oops: Enabled (32-bit)
 Heap Region Size: 1M
 Heap Min Capacity: 256M
 Heap Initial Capacity: 256M
 Heap Max Capacity: 512M
 Pre-touch: Disabled
 Parallel Workers: 13
 Concurrent Workers: 3
 Concurrent Refinement Workers: 13
 Periodic GC: Disabled
Heap:
 garbage-first heap   total 262144K, used 145118K [0x00000000e0000000, 0x0000000100000000)
  region size 1024K, 40 young (40960K), 8 survivors (8192K)
 Metaspace       used 84784K, committed 85568K, reserved 458752K
  class space    used 11174K, committed 11520K, reserved 327680K
GC Heap History (20 events):
Event: 9.635 GC heap before
{Heap before GC invocations=13 (full 0):
 garbage-first heap   total 262144K, used 199573K [0x00000000e0000000, 0x0000000100000000)
  region size 1024K, 128 young (131072K), 18 survivors (18432K)
 Metaspace       used 80962K, committed 81728K, reserved 458752K
  class space    used 10787K, committed 11136K, reserved 327680K
}
Event: 9.640 GC heap after
{Heap after GC invocations=14 (full 0):
 garbage-first heap   total 262144K, used 90855K [0x00000000e0000000, 0x0000000100000000)
  region size 1024K, 6 young (6144K), 6 survivors (6144K)
 Metaspace       used 80962K, committed 81728K, reserved 458752K
  class space    used 10787K, committed 11136K, reserved 327680K
}
Event: 258.109 GC heap before
{Heap before GC invocations=14 (full 0):
 garbage-first heap   total 262144K, used 203495K [0x00000000e0000000, 0x0000000100000000)
  region size 1024K, 117 young (119808K), 6 survivors (6144K)
 Metaspace       used 83115K, committed 83968K, reserved 458752K
  class space    used 11114K, committed 11456K, reserved 327680K
}
Event: 258.116 GC heap after
{Heap after GC invocations=15 (full 0):
 garbage-first heap   total 262144K, used 105129K [0x00000000e0000000, 0x0000000100000000)
  region size 1024K, 15 young (15360K), 15 survivors (15360K)
 Metaspace       used 83115K, committed 83968K, reserved 458752K
  class space    used 11114K, committed 11456K, reserved 327680K
}
Event: 258.673 GC heap before
{Heap before GC invocations=15 (full 0):
 garbage-first heap   total 262144K, used 203433K [0x00000000e0000000, 0x0000000100000000)
  region size 1024K, 111 young (113664K), 15 survivors (15360K)
 Metaspace       used 83927K, committed 84800K, reserved 458752K
  class space    used 11161K, committed 11520K, reserved 327680K
}
Event: 258.680 GC heap after
{Heap after GC invocations=16 (full 0):
 garbage-first heap   total 262144K, used 116245K [0x00000000e0000000, 0x0000000100000000)
  region size 1024K, 11 young (11264K), 11 survivors (11264K)
 Metaspace       used 83927K, committed 84800K, reserved 458752K
  class space    used 11161K, committed 11520K, reserved 327680K
}
Event: 258.933 GC heap before
{Heap before GC invocations=16 (full 0):
 garbage-first heap   total 262144K, used 206357K [0x00000000e0000000, 0x0000000100000000)
  region size 1024K, 99 young (101376K), 11 survivors (11264K)
 Metaspace       used 84125K, committed 84992K, reserved 458752K
  class space    used 11162K, committed 11520K, reserved 327680K
}
Event: 258.939 GC heap after
{Heap after GC invocations=17 (full 0):
 garbage-first heap   total 262144K, used 126349K [0x00000000e0000000, 0x0000000100000000)
  region size 1024K, 11 young (11264K), 11 survivors (11264K)
 Metaspace       used 84125K, committed 84992K, reserved 458752K
  class space    used 11162K, committed 11520K, reserved 327680K
}
Event: 414.014 GC heap before
{Heap before GC invocations=17 (full 0):
 garbage-first heap   total 262144K, used 208269K [0x00000000e0000000, 0x0000000100000000)
  region size 1024K, 91 young (93184K), 11 survivors (11264K)
 Metaspace       used 84441K, committed 85312K, reserved 458752K
  class space    used 11180K, committed 11584K, reserved 327680K
}
Event: 414.019 GC heap after
{Heap after GC invocations=18 (full 0):
 garbage-first heap   total 262144K, used 130790K [0x00000000e0000000, 0x0000000100000000)
  region size 1024K, 7 young (7168K), 7 survivors (7168K)
 Metaspace       used 84441K, committed 85312K, reserved 458752K
  class space    used 11180K, committed 11584K, reserved 327680K
}
Event: 414.290 GC heap before
{Heap before GC invocations=18 (full 0):
 garbage-first heap   total 262144K, used 210662K [0x00000000e0000000, 0x0000000100000000)
  region size 1024K, 85 young (87040K), 7 survivors (7168K)
 Metaspace       used 84556K, committed 85440K, reserved 458752K
  class space    used 11181K, committed 11584K, reserved 327680K
}
Event: 414.294 GC heap after
{Heap after GC invocations=19 (full 0):
 garbage-first heap   total 262144K, used 140309K [0x00000000e0000000, 0x0000000100000000)
  region size 1024K, 10 young (10240K), 10 survivors (10240K)
 Metaspace       used 84556K, committed 85440K, reserved 458752K
  class space    used 11181K, committed 11584K, reserved 327680K
}
Event: 414.500 GC heap before
{Heap before GC invocations=20 (full 0):
 garbage-first heap   total 262144K, used 208917K [0x00000000e0000000, 0x0000000100000000)
  region size 1024K, 80 young (81920K), 10 survivors (10240K)
 Metaspace       used 82718K, committed 84096K, reserved 458752K
  class space    used 10953K, committed 11456K, reserved 327680K
}
Event: 414.502 GC heap after
{Heap after GC invocations=21 (full 0):
 garbage-first heap   total 262144K, used 136493K [0x00000000e0000000, 0x0000000100000000)
  region size 1024K, 4 young (4096K), 4 survivors (4096K)
 Metaspace       used 82718K, committed 84096K, reserved 458752K
  class space    used 10953K, committed 11456K, reserved 327680K
}
Event: 414.558 GC heap before
{Heap before GC invocations=21 (full 0):
 garbage-first heap   total 262144K, used 144685K [0x00000000e0000000, 0x0000000100000000)
  region size 1024K, 12 young (12288K), 4 survivors (4096K)
 Metaspace       used 82783K, committed 84096K, reserved 458752K
  class space    used 10963K, committed 11456K, reserved 327680K
}
Event: 414.561 GC heap after
{Heap after GC invocations=22 (full 0):
 garbage-first heap   total 262144K, used 114983K [0x00000000e0000000, 0x0000000100000000)
  region size 1024K, 2 young (2048K), 2 survivors (2048K)
 Metaspace       used 82783K, committed 84096K, reserved 458752K
  class space    used 10963K, committed 11456K, reserved 327680K
}
Event: 414.612 GC heap before
{Heap before GC invocations=22 (full 0):
 garbage-first heap   total 262144K, used 126247K [0x00000000e0000000, 0x0000000100000000)
  region size 1024K, 12 young (12288K), 2 survivors (2048K)
 Metaspace       used 82822K, committed 84160K, reserved 458752K
  class space    used 10965K, committed 11456K, reserved 327680K
}
Event: 414.616 GC heap after
{Heap after GC invocations=23 (full 0):
 garbage-first heap   total 262144K, used 104584K [0x00000000e0000000, 0x0000000100000000)
  region size 1024K, 1 young (1024K), 1 survivors (1024K)
 Metaspace       used 82822K, committed 84160K, reserved 458752K
  class space    used 10965K, committed 11456K, reserved 327680K
}
Event: 571.894 GC heap before
{Heap before GC invocations=23 (full 0):
 garbage-first heap   total 262144K, used 208008K [0x00000000e0000000, 0x0000000100000000)
  region size 1024K, 100 young (102400K), 1 survivors (1024K)
 Metaspace       used 84618K, committed 85376K, reserved 458752K
  class space    used 11172K, committed 11520K, reserved 327680K
}
Event: 571.896 GC heap after
{Heap after GC invocations=24 (full 0):
 garbage-first heap   total 262144K, used 114398K [0x00000000e0000000, 0x0000000100000000)
  region size 1024K, 8 young (8192K), 8 survivors (8192K)
 Metaspace       used 84618K, committed 85376K, reserved 458752K
  class space    used 11172K, committed 11520K, reserved 327680K
}

